<?xml version="1.0" encoding="UTF-8"?>
<testng-results skipped="2" failed="1" total="3" passed="0">
  <reporter-output>
  </reporter-output>
  <suite name="Default suite" duration-ms="4127" started-at="2022-11-05T17:37:10Z" finished-at="2022-11-05T17:37:14Z">
    <groups>
    </groups>
    <test name="Default test" duration-ms="4127" started-at="2022-11-05T17:37:10Z" finished-at="2022-11-05T17:37:14Z">
      <class name="in.v2solutions.hybrid.testcases.LG_BORROWER_01_Verify_ApproveVerbalVOIE">
        <test-method status="PASS" signature="beforeTest(java.lang.String)[pri:0, instance:in.v2solutions.hybrid.testcases.LG_BORROWER_01_Verify_ApproveVerbalVOIE@25084a1e]" name="beforeTest" is-config="true" duration-ms="388" started-at="2022-11-05T23:07:10Z" finished-at="2022-11-05T23:07:11Z">
          <params>
            <param index="0">
              <value is-null="true"/>
            </param>
          </params>
          <reporter-output>
          </reporter-output>
        </test-method> <!-- beforeTest -->
        <test-method status="FAIL" signature="verify_ApproveVerbalVOIE(java.util.Hashtable)[pri:0, instance:in.v2solutions.hybrid.testcases.LG_BORROWER_01_Verify_ApproveVerbalVOIE@25084a1e]" name="verify_ApproveVerbalVOIE" duration-ms="3234" started-at="2022-11-05T23:07:11Z" data-provider="getTestData" finished-at="2022-11-05T23:07:14Z">
          <params>
            <param index="0">
              <value>
                <![CDATA[{${Password}=Mail@mail_123, ${URL}=https://apply-qa.loanglide.com/?Business=1366&ServiceProvider=2128, RunMode=Y, ${EmailAddress}=Indirectbusiness@loanglide.com, ${LoanAmount}=5900}]]>
              </value>
            </param>
          </params>
          <exception class="java.lang.NullPointerException">
            <full-stacktrace>
              <![CDATA[java.lang.NullPointerException
	at in.v2solutions.hybrid.util.Keywords.executeKeywords(Keywords.java:758)
	at in.v2solutions.hybrid.testcases.LG_BORROWER_01_Verify_ApproveVerbalVOIE.verify_ApproveVerbalVOIE(LG_BORROWER_01_Verify_ApproveVerbalVOIE.java:66)
	at sun.reflect.NativeMethodAccessorImpl.invoke0(Native Method)
	at sun.reflect.NativeMethodAccessorImpl.invoke(NativeMethodAccessorImpl.java:62)
	at sun.reflect.DelegatingMethodAccessorImpl.invoke(DelegatingMethodAccessorImpl.java:43)
	at java.lang.reflect.Method.invoke(Method.java:498)
	at org.testng.internal.MethodInvocationHelper.invokeMethod(MethodInvocationHelper.java:86)
	at org.testng.internal.Invoker.invokeMethod(Invoker.java:646)
	at org.testng.internal.Invoker.invokeTestMethod(Invoker.java:823)
	at org.testng.internal.Invoker.invokeTestMethods(Invoker.java:1131)
	at org.testng.internal.TestMethodWorker.invokeTestMethods(TestMethodWorker.java:129)
	at org.testng.internal.TestMethodWorker.run(TestMethodWorker.java:112)
	at org.testng.TestRunner.privateRun(TestRunner.java:778)
	at org.testng.TestRunner.run(TestRunner.java:632)
	at org.testng.SuiteRunner.runTest(SuiteRunner.java:366)
	at org.testng.SuiteRunner.runSequentially(SuiteRunner.java:361)
	at org.testng.SuiteRunner.privateRun(SuiteRunner.java:319)
	at org.testng.SuiteRunner.run(SuiteRunner.java:268)
	at org.testng.SuiteRunnerWorker.runSuite(SuiteRunnerWorker.java:52)
	at org.testng.SuiteRunnerWorker.run(SuiteRunnerWorker.java:86)
	at org.testng.TestNG.runSuitesSequentially(TestNG.java:1225)
	at org.testng.TestNG.runSuitesLocally(TestNG.java:1150)
	at org.testng.TestNG.runSuites(TestNG.java:1075)
	at org.testng.TestNG.run(TestNG.java:1047)
	at org.testng.remote.AbstractRemoteTestNG.run(AbstractRemoteTestNG.java:126)
	at org.testng.remote.RemoteTestNG.initAndRun(RemoteTestNG.java:137)
	at org.testng.remote.RemoteTestNG.main(RemoteTestNG.java:58)
]]>
            </full-stacktrace>
          </exception> <!-- java.lang.NullPointerException -->
          <reporter-output>
          </reporter-output>
        </test-method> <!-- verify_ApproveVerbalVOIE -->
        <test-method status="SKIP" signature="verify_ApproveVerbalVOIE(java.util.Hashtable)[pri:0, instance:in.v2solutions.hybrid.testcases.LG_BORROWER_01_Verify_ApproveVerbalVOIE@25084a1e]" name="verify_ApproveVerbalVOIE" duration-ms="2" started-at="2022-11-05T23:07:14Z" data-provider="getTestData" finished-at="2022-11-05T23:07:14Z">
          <params>
            <param index="0">
              <value>
                <![CDATA[{${Password}=L0angl!de, ${URL}=https://apply-qa.loanglide.com/?Business=1374&ServiceProvider=2141, RunMode=N, ${EmailAddress}=indirectfertility@loanglide.com, ${LoanAmount}=5750}]]>
              </value>
            </param>
          </params>
          <exception class="org.testng.SkipException">
            <message>
              <![CDATA[This DDT Test Script is Skipped as it's RunMode is Marked as NO]]>
            </message>
            <full-stacktrace>
              <![CDATA[org.testng.SkipException: This DDT Test Script is Skipped as it's RunMode is Marked as NO
	at in.v2solutions.hybrid.testcases.LG_BORROWER_01_Verify_ApproveVerbalVOIE.verify_ApproveVerbalVOIE(LG_BORROWER_01_Verify_ApproveVerbalVOIE.java:61)
	at sun.reflect.NativeMethodAccessorImpl.invoke0(Native Method)
	at sun.reflect.NativeMethodAccessorImpl.invoke(NativeMethodAccessorImpl.java:62)
	at sun.reflect.DelegatingMethodAccessorImpl.invoke(DelegatingMethodAccessorImpl.java:43)
	at java.lang.reflect.Method.invoke(Method.java:498)
	at org.testng.internal.MethodInvocationHelper.invokeMethod(MethodInvocationHelper.java:86)
	at org.testng.internal.Invoker.invokeMethod(Invoker.java:646)
	at org.testng.internal.Invoker.invokeTestMethod(Invoker.java:823)
	at org.testng.internal.Invoker.invokeTestMethods(Invoker.java:1131)
	at org.testng.internal.TestMethodWorker.invokeTestMethods(TestMethodWorker.java:129)
	at org.testng.internal.TestMethodWorker.run(TestMethodWorker.java:112)
	at org.testng.TestRunner.privateRun(TestRunner.java:778)
	at org.testng.TestRunner.run(TestRunner.java:632)
	at org.testng.SuiteRunner.runTest(SuiteRunner.java:366)
	at org.testng.SuiteRunner.runSequentially(SuiteRunner.java:361)
	at org.testng.SuiteRunner.privateRun(SuiteRunner.java:319)
	at org.testng.SuiteRunner.run(SuiteRunner.java:268)
	at org.testng.SuiteRunnerWorker.runSuite(SuiteRunnerWorker.java:52)
	at org.testng.SuiteRunnerWorker.run(SuiteRunnerWorker.java:86)
	at org.testng.TestNG.runSuitesSequentially(TestNG.java:1225)
	at org.testng.TestNG.runSuitesLocally(TestNG.java:1150)
	at org.testng.TestNG.runSuites(TestNG.java:1075)
	at org.testng.TestNG.run(TestNG.java:1047)
	at org.testng.remote.AbstractRemoteTestNG.run(AbstractRemoteTestNG.java:126)
	at org.testng.remote.RemoteTestNG.initAndRun(RemoteTestNG.java:137)
	at org.testng.remote.RemoteTestNG.main(RemoteTestNG.java:58)
]]>
            </full-stacktrace>
          </exception> <!-- org.testng.SkipException -->
          <reporter-output>
          </reporter-output>
        </test-method> <!-- verify_ApproveVerbalVOIE -->
        <test-method status="SKIP" signature="verify_ApproveVerbalVOIE(java.util.Hashtable)[pri:0, instance:in.v2solutions.hybrid.testcases.LG_BORROWER_01_Verify_ApproveVerbalVOIE@25084a1e]" name="verify_ApproveVerbalVOIE" duration-ms="2" started-at="2022-11-05T23:07:14Z" data-provider="getTestData" finished-at="2022-11-05T23:07:14Z">
          <params>
            <param index="0">
              <value>
                <![CDATA[{${Password}=L0angl!de, ${URL}=https://apply-qa.loanglide.com/?Business=1372&ServiceProvider=2138, RunMode=N, ${EmailAddress}=hifmftlx@mail.com, ${LoanAmount}=7900}]]>
              </value>
            </param>
          </params>
          <exception class="org.testng.SkipException">
            <message>
              <![CDATA[This DDT Test Script is Skipped as it's RunMode is Marked as NO]]>
            </message>
            <full-stacktrace>
              <![CDATA[org.testng.SkipException: This DDT Test Script is Skipped as it's RunMode is Marked as NO
	at in.v2solutions.hybrid.testcases.LG_BORROWER_01_Verify_ApproveVerbalVOIE.verify_ApproveVerbalVOIE(LG_BORROWER_01_Verify_ApproveVerbalVOIE.java:61)
	at sun.reflect.NativeMethodAccessorImpl.invoke0(Native Method)
	at sun.reflect.NativeMethodAccessorImpl.invoke(NativeMethodAccessorImpl.java:62)
	at sun.reflect.DelegatingMethodAccessorImpl.invoke(DelegatingMethodAccessorImpl.java:43)
	at java.lang.reflect.Method.invoke(Method.java:498)
	at org.testng.internal.MethodInvocationHelper.invokeMethod(MethodInvocationHelper.java:86)
	at org.testng.internal.Invoker.invokeMethod(Invoker.java:646)
	at org.testng.internal.Invoker.invokeTestMethod(Invoker.java:823)
	at org.testng.internal.Invoker.invokeTestMethods(Invoker.java:1131)
	at org.testng.internal.TestMethodWorker.invokeTestMethods(TestMethodWorker.java:129)
	at org.testng.internal.TestMethodWorker.run(TestMethodWorker.java:112)
	at org.testng.TestRunner.privateRun(TestRunner.java:778)
	at org.testng.TestRunner.run(TestRunner.java:632)
	at org.testng.SuiteRunner.runTest(SuiteRunner.java:366)
	at org.testng.SuiteRunner.runSequentially(SuiteRunner.java:361)
	at org.testng.SuiteRunner.privateRun(SuiteRunner.java:319)
	at org.testng.SuiteRunner.run(SuiteRunner.java:268)
	at org.testng.SuiteRunnerWorker.runSuite(SuiteRunnerWorker.java:52)
	at org.testng.SuiteRunnerWorker.run(SuiteRunnerWorker.java:86)
	at org.testng.TestNG.runSuitesSequentially(TestNG.java:1225)
	at org.testng.TestNG.runSuitesLocally(TestNG.java:1150)
	at org.testng.TestNG.runSuites(TestNG.java:1075)
	at org.testng.TestNG.run(TestNG.java:1047)
	at org.testng.remote.AbstractRemoteTestNG.run(AbstractRemoteTestNG.java:126)
	at org.testng.remote.RemoteTestNG.initAndRun(RemoteTestNG.java:137)
	at org.testng.remote.RemoteTestNG.main(RemoteTestNG.java:58)
]]>
            </full-stacktrace>
          </exception> <!-- org.testng.SkipException -->
          <reporter-output>
          </reporter-output>
        </test-method> <!-- verify_ApproveVerbalVOIE -->
        <test-method status="PASS" signature="afterTest()[pri:0, instance:in.v2solutions.hybrid.testcases.LG_BORROWER_01_Verify_ApproveVerbalVOIE@25084a1e]" name="afterTest" is-config="true" duration-ms="471" started-at="2022-11-05T23:07:14Z" finished-at="2022-11-05T23:07:14Z">
          <reporter-output>
          </reporter-output>
        </test-method> <!-- afterTest -->
      </class> <!-- in.v2solutions.hybrid.testcases.LG_BORROWER_01_Verify_ApproveVerbalVOIE -->
    </test> <!-- Default test -->
  </suite> <!-- Default suite -->
</testng-results>
